  speechManager.cpp
d:\学习\vc\include\numeric(20): warning C4244: “=”: 从“double”转换到“int”，可能丢失数据
  d:\学习\vc\include\numeric(30): note: 参见对正在编译的函数 模板 实例化“_Ty std::_Accumulate_unchecked<std::_Deque_unchecked_iterator<_Mydeque>,_Ty,_Fn2>(_InIt,_InIt,_Ty,_Fn2 &)”的引用
          with
          [
              _Ty=int,
              _Mydeque=std::_Deque_val<std::_Deque_simple_types<double>>,
              _Fn2=std::plus<void>,
              _InIt=std::_Deque_unchecked_iterator<std::_Deque_val<std::_Deque_simple_types<double>>>
          ]
  d:\学习\vc\include\numeric(38): note: 参见对正在编译的函数 模板 实例化“_Ty std::accumulate<_InIt,_Ty,std::plus<void>>(_InIt,_InIt,_Ty,_Fn2)”的引用
          with
          [
              _Ty=int,
              _InIt=std::_Deque_iterator<std::_Deque_val<std::_Deque_simple_types<double>>>,
              _Fn2=std::plus<void>
          ]
  c:\users\zhuran\desktop\202001\演讲比赛流程管理系统\演讲比赛流程管理系统\speechmanager.cpp(164): note: 参见对正在编译的函数 模板 实例化“_Ty std::accumulate<std::_Deque_iterator<std::_Deque_val<std::_Deque_simple_types<double>>>,int>(_InIt,_InIt,_Ty)”的引用
          with
          [
              _Ty=int,
              _InIt=std::_Deque_iterator<std::_Deque_val<std::_Deque_simple_types<double>>>
          ]
  main.cpp
  正在生成代码...
  演讲比赛流程管理系统.vcxproj -> C:\Users\zhuran\Desktop\202001\演讲比赛流程管理系统\Debug\演讲比赛流程管理系统.exe
  演讲比赛流程管理系统.vcxproj -> C:\Users\zhuran\Desktop\202001\演讲比赛流程管理系统\Debug\演讲比赛流程管理系统.pdb (Partial PDB)
